Fitter report for stepMotor
Mon Feb 26 19:16:35 2024
Quartus II Version 9.1 Build 304 01/25/2010 Service Pack 1 SJ Web Edition


---------------------
; Table of Contents ;
---------------------
  1. Legal Notice
  2. Fitter Summary
  3. Fitter Settings
  4. Parallel Compilation
  5. Pin-Out File
  6. Fitter Resource Usage Summary
  7. Input Pins
  8. Output Pins
  9. All Package Pins
 10. I/O Standard
 11. Dedicated Inputs I/O
 12. Output Pin Default Load For Reported TCO
 13. Fitter Resource Utilization by Entity
 14. Control Signals
 15. Global & Other Fast Signals
 16. Non-Global High Fan-Out Signals
 17. Interconnect Usage Summary
 18. LAB Macrocells
 19. Logic Cell Interconnection
 20. Fitter Device Options
 21. Fitter Messages



----------------
; Legal Notice ;
----------------
Copyright (C) 1991-2010 Altera Corporation
Your use of Altera Corporation's design tools, logic functions 
and other software and tools, and its AMPP partner logic 
functions, and any output files from any of the foregoing 
(including device programming or simulation files), and any 
associated documentation or information are expressly subject 
to the terms and conditions of the Altera Program License 
Subscription Agreement, Altera MegaCore Function License 
Agreement, or other applicable license agreement, including, 
without limitation, that your use is for the sole purpose of 
programming logic devices manufactured by Altera and sold by 
Altera or its authorized distributors.  Please refer to the 
applicable agreement for further details.



+----------------------------------------------------------------------+
; Fitter Summary                                                       ;
+-----------------------+----------------------------------------------+
; Fitter Status         ; Successful - Mon Feb 26 19:16:35 2024        ;
; Quartus II Version    ; 9.1 Build 304 01/25/2010 SP 1 SJ Web Edition ;
; Revision Name         ; stepMotor                                    ;
; Top-level Entity Name ; stepMotor                                    ;
; Family                ; MAX3000A                                     ;
; Device                ; EPM3064ALC44-10                              ;
; Timing Models         ; Final                                        ;
; Total macrocells      ; 30 / 64 ( 47 % )                             ;
; Total pins            ; 9 / 34 ( 26 % )                              ;
+-----------------------+----------------------------------------------+


+--------------------------------------------------------------------------------------------------------------+
; Fitter Settings                                                                                              ;
+----------------------------------------------------------------------------+-----------------+---------------+
; Option                                                                     ; Setting         ; Default Value ;
+----------------------------------------------------------------------------+-----------------+---------------+
; Device                                                                     ; EPM3064ALC44-10 ;               ;
; Use smart compilation                                                      ; Off             ; Off           ;
; Enable parallel Assembler and TimeQuest Timing Analyzer during compilation ; On              ; On            ;
; Enable compact report table                                                ; Off             ; Off           ;
; Use TimeQuest Timing Analyzer                                              ; Off             ; Off           ;
; Optimize Timing for ECOs                                                   ; Off             ; Off           ;
; Regenerate full fit report during ECO compiles                             ; Off             ; Off           ;
; Optimize IOC Register Placement for Timing                                 ; On              ; On            ;
; Limit to One Fitting Attempt                                               ; Off             ; Off           ;
; Fitter Initial Placement Seed                                              ; 1               ; 1             ;
; Slow Slew Rate                                                             ; Off             ; Off           ;
; Fitter Effort                                                              ; Auto Fit        ; Auto Fit      ;
; Force Fitter to Avoid Periphery Placement Warnings                         ; Off             ; Off           ;
; Use Best Effort Settings for Compilation                                   ; Off             ; Off           ;
+----------------------------------------------------------------------------+-----------------+---------------+


Parallel compilation was disabled, but you have multiple processors available. Enable parallel compilation to reduce compilation time.
+-------------------------------------+
; Parallel Compilation                ;
+----------------------------+--------+
; Processors                 ; Number ;
+----------------------------+--------+
; Number detected on machine ; 8      ;
; Maximum allowed            ; 1      ;
+----------------------------+--------+


+--------------+
; Pin-Out File ;
+--------------+
The pin-out file can be found in C:/Users/psplo/OneDrive/орн▒/0226/stepMotor/stepMotor.pin.


+--------------------------------------------------------------------+
; Fitter Resource Usage Summary                                      ;
+-----------------------------------+--------------------------------+
; Resource                          ; Usage                          ;
+-----------------------------------+--------------------------------+
; Logic cells                       ; 30 / 64 ( 47 % )               ;
; Registers                         ; 29 / 64 ( 45 % )               ;
; Number of pterms used             ; 33                             ;
; User inserted logic elements      ; 0                              ;
; I/O pins                          ; 9 / 34 ( 26 % )                ;
;     -- Clock pins                 ; 1 / 2 ( 50 % )                 ;
;     -- Dedicated input pins       ; 0 / 2 ( 0 % )                  ;
; Global signals                    ; 1                              ;
; Shareable expanders               ; 0 / 64 ( 0 % )                 ;
; Parallel expanders                ; 0 / 60 ( 0 % )                 ;
; Cells using turbo bit             ; 30 / 64 ( 47 % )               ;
; Maximum fan-out node              ; clk                            ;
; Maximum fan-out                   ; 24                             ;
; Highest non-global fan-out signal ; lpm_counter:freq_rtl_0|dffs[0] ;
; Highest non-global fan-out        ; 23                             ;
; Total fan-out                     ; 316                            ;
; Average fan-out                   ; 8.10                           ;
+-----------------------------------+--------------------------------+


+---------------------------------------------------------------------------------------------------------------------------+
; Input Pins                                                                                                                ;
+------+-------+----------+-----+-----------------------+--------------------+--------+--------------+----------------------+
; Name ; Pin # ; I/O Bank ; LAB ; Combinational Fan-Out ; Registered Fan-Out ; Global ; I/O Standard ; Location assigned by ;
+------+-------+----------+-----+-----------------------+--------------------+--------+--------------+----------------------+
; clk  ; 43    ; --       ; --  ; 24                    ; 0                  ; yes    ; 3.3-V LVTTL  ; User                 ;
+------+-------+----------+-----+-----------------------+--------------------+--------+--------------+----------------------+


+---------------------------------------------------------------------------------------------------------------------------------------------------------------------------------------------+
; Output Pins                                                                                                                                                                                 ;
+---------+-------+----------+-----+-----------------+----------------+------------+---------------+--------------+----------------------+-------+----------------------+---------------------+
; Name    ; Pin # ; I/O Bank ; LAB ; Output Register ; Slow Slew Rate ; Open Drain ; TRI Primitive ; I/O Standard ; Location assigned by ; Load  ; Output Enable Source ; Output Enable Group ;
+---------+-------+----------+-----+-----------------+----------------+------------+---------------+--------------+----------------------+-------+----------------------+---------------------+
; A_phase ; 6     ; --       ; 1   ; no              ; no             ; no         ; no            ; 3.3-V LVTTL  ; User                 ; 10 pF ; -                    ; -                   ;
; B_phase ; 8     ; --       ; 1   ; no              ; no             ; no         ; no            ; 3.3-V LVTTL  ; User                 ; 10 pF ; -                    ; -                   ;
; C_phase ; 9     ; --       ; 1   ; no              ; no             ; no         ; no            ; 3.3-V LVTTL  ; User                 ; 10 pF ; -                    ; -                   ;
; D_phase ; 11    ; --       ; 1   ; no              ; no             ; no         ; no            ; 3.3-V LVTTL  ; User                 ; 10 pF ; -                    ; -                   ;
+---------+-------+----------+-----+-----------------+----------------+------------+---------------+--------------+----------------------+-------+----------------------+---------------------+


+-------------------------------------------------------------------------------------------------------+
; All Package Pins                                                                                      ;
+----------+------------+----------+----------------+--------+--------------+---------+-----------------+
; Location ; Pad Number ; I/O Bank ; Pin Name/Usage ; Dir.   ; I/O Standard ; Voltage ; User Assignment ;
+----------+------------+----------+----------------+--------+--------------+---------+-----------------+
; 1        ; 0          ; --       ; GND+           ;        ;              ;         ;                 ;
; 2        ; 1          ; --       ; GND+           ;        ;              ;         ;                 ;
; 3        ; 2          ; --       ; VCCINT         ; power  ;              ; 3.3V    ;                 ;
; 4        ; 3          ; --       ; RESERVED       ;        ;              ;         ;                 ;
; 5        ; 4          ; --       ; RESERVED       ;        ;              ;         ;                 ;
; 6        ; 5          ; --       ; A_phase        ; output ; 3.3-V LVTTL  ;         ; Y               ;
; 7        ; 6          ; --       ; TDI            ; input  ; 3.3-V LVTTL  ;         ; N               ;
; 8        ; 7          ; --       ; B_phase        ; output ; 3.3-V LVTTL  ;         ; Y               ;
; 9        ; 8          ; --       ; C_phase        ; output ; 3.3-V LVTTL  ;         ; Y               ;
; 10       ; 9          ; --       ; GND            ; gnd    ;              ;         ;                 ;
; 11       ; 10         ; --       ; D_phase        ; output ; 3.3-V LVTTL  ;         ; Y               ;
; 12       ; 11         ; --       ; RESERVED       ;        ;              ;         ;                 ;
; 13       ; 12         ; --       ; TMS            ; input  ; 3.3-V LVTTL  ;         ; N               ;
; 14       ; 13         ; --       ; RESERVED       ;        ;              ;         ;                 ;
; 15       ; 14         ; --       ; VCCIO          ; power  ;              ; 3.3V    ;                 ;
; 16       ; 15         ; --       ; RESERVED       ;        ;              ;         ;                 ;
; 17       ; 16         ; --       ; GND            ; gnd    ;              ;         ;                 ;
; 18       ; 17         ; --       ; RESERVED       ;        ;              ;         ;                 ;
; 19       ; 18         ; --       ; RESERVED       ;        ;              ;         ;                 ;
; 20       ; 19         ; --       ; RESERVED       ;        ;              ;         ;                 ;
; 21       ; 20         ; --       ; RESERVED       ;        ;              ;         ;                 ;
; 22       ; 21         ; --       ; GND            ; gnd    ;              ;         ;                 ;
; 23       ; 22         ; --       ; VCCINT         ; power  ;              ; 3.3V    ;                 ;
; 24       ; 23         ; --       ; RESERVED       ;        ;              ;         ;                 ;
; 25       ; 24         ; --       ; RESERVED       ;        ;              ;         ;                 ;
; 26       ; 25         ; --       ; RESERVED       ;        ;              ;         ;                 ;
; 27       ; 26         ; --       ; RESERVED       ;        ;              ;         ;                 ;
; 28       ; 27         ; --       ; RESERVED       ;        ;              ;         ;                 ;
; 29       ; 28         ; --       ; RESERVED       ;        ;              ;         ;                 ;
; 30       ; 29         ; --       ; GND            ; gnd    ;              ;         ;                 ;
; 31       ; 30         ; --       ; RESERVED       ;        ;              ;         ;                 ;
; 32       ; 31         ; --       ; TCK            ; input  ; 3.3-V LVTTL  ;         ; N               ;
; 33       ; 32         ; --       ; RESERVED       ;        ;              ;         ;                 ;
; 34       ; 33         ; --       ; RESERVED       ;        ;              ;         ;                 ;
; 35       ; 34         ; --       ; VCCIO          ; power  ;              ; 3.3V    ;                 ;
; 36       ; 35         ; --       ; GND            ; gnd    ;              ;         ;                 ;
; 37       ; 36         ; --       ; RESERVED       ;        ;              ;         ;                 ;
; 38       ; 37         ; --       ; TDO            ; output ; 3.3-V LVTTL  ;         ; N               ;
; 39       ; 38         ; --       ; RESERVED       ;        ;              ;         ;                 ;
; 40       ; 39         ; --       ; RESERVED       ;        ;              ;         ;                 ;
; 41       ; 40         ; --       ; RESERVED       ;        ;              ;         ;                 ;
; 42       ; 41         ; --       ; GND            ; gnd    ;              ;         ;                 ;
; 43       ; 42         ; --       ; clk            ; input  ; 3.3-V LVTTL  ;         ; Y               ;
; 44       ; 43         ; --       ; GND+           ;        ;              ;         ;                 ;
+----------+------------+----------+----------------+--------+--------------+---------+-----------------+
Note: Pin directions (input, output or bidir) are based on device operating in user mode.


+--------------------------------------------------------------------------------------------------+
; I/O Standard                                                                                     ;
+--------------+------------+----------------------+-------------------+-------------------+-------+
; I/O Standard ; Input Vref ; Dedicated Input Pins ; Pins in I/O Bank1 ; Pins in I/O Bank2 ; Total ;
+--------------+------------+----------------------+-------------------+-------------------+-------+
; 3.3-V LVTTL  ; -          ; 1                    ; 0                 ; 0                 ; 1     ;
+--------------+------------+----------------------+-------------------+-------------------+-------+


+--------------------------------------------------------------------+
; Dedicated Inputs I/O                                               ;
+------+-------+-------+-------+--------------+------------+---------+
; Name ; Pin # ; Type  ; VCCIO ; I/O Standard ; Input Vref ; Current ;
+------+-------+-------+-------+--------------+------------+---------+
; clk  ; 43    ; Input ; --    ; 3.3-V LVTTL  ; -          ; 0 mA    ;
+------+-------+-------+-------+--------------+------------+---------+


+-----------------------------------------------+
; Output Pin Default Load For Reported TCO      ;
+--------------+-------+------------------------+
; I/O Standard ; Load  ; Termination Resistance ;
+--------------+-------+------------------------+
; 3.3-V LVTTL  ; 10 pF ; Not Available          ;
; 3.3-V LVCMOS ; 10 pF ; Not Available          ;
; 3.3-V PCI    ; 10 pF ; 25 Ohm (Parallel)      ;
; 2.5 V        ; 10 pF ; Not Available          ;
+--------------+-------+------------------------+
Note: User assignments will override these defaults. The user specified values are listed in the Output Pins and Bidir Pins tables.


+----------------------------------------------------------------------------------------------------+
; Fitter Resource Utilization by Entity                                                              ;
+-----------------------------+------------+------+-----------------------------------+--------------+
; Compilation Hierarchy Node  ; Macrocells ; Pins ; Full Hierarchy Name               ; Library Name ;
+-----------------------------+------------+------+-----------------------------------+--------------+
; |stepMotor                  ; 30         ; 9    ; |stepMotor                        ; work         ;
;    |lpm_counter:freq_rtl_0| ; 24         ; 0    ; |stepMotor|lpm_counter:freq_rtl_0 ; work         ;
+-----------------------------+------------+------+-----------------------------------+--------------+


+-----------------------------------------------------------------------------------------------------------------+
; Control Signals                                                                                                 ;
+---------------------------------+----------+---------+-------+--------+----------------------+------------------+
; Name                            ; Location ; Fan-Out ; Usage ; Global ; Global Resource Used ; Global Line Name ;
+---------------------------------+----------+---------+-------+--------+----------------------+------------------+
; clk                             ; PIN_43   ; 24      ; Clock ; yes    ; On                   ; --               ;
; lpm_counter:freq_rtl_0|dffs[23] ; LC28     ; 5       ; Clock ; no     ; --                   ; --               ;
+---------------------------------+----------+---------+-------+--------+----------------------+------------------+


+---------------------------------------------------------------------+
; Global & Other Fast Signals                                         ;
+------+----------+---------+----------------------+------------------+
; Name ; Location ; Fan-Out ; Global Resource Used ; Global Line Name ;
+------+----------+---------+----------------------+------------------+
; clk  ; PIN_43   ; 24      ; On                   ; --               ;
+------+----------+---------+----------------------+------------------+


+-------------------------------------------+
; Non-Global High Fan-Out Signals           ;
+---------------------------------+---------+
; Name                            ; Fan-Out ;
+---------------------------------+---------+
; lpm_counter:freq_rtl_0|dffs[0]  ; 23      ;
; lpm_counter:freq_rtl_0|dffs[1]  ; 22      ;
; lpm_counter:freq_rtl_0|dffs[2]  ; 21      ;
; lpm_counter:freq_rtl_0|dffs[3]  ; 20      ;
; lpm_counter:freq_rtl_0|dffs[4]  ; 19      ;
; lpm_counter:freq_rtl_0|dffs[5]  ; 18      ;
; lpm_counter:freq_rtl_0|dffs[6]  ; 17      ;
; lpm_counter:freq_rtl_0|dffs[7]  ; 16      ;
; lpm_counter:freq_rtl_0|dffs[8]  ; 15      ;
; lpm_counter:freq_rtl_0|dffs[9]  ; 14      ;
; lpm_counter:freq_rtl_0|dffs[10] ; 13      ;
; lpm_counter:freq_rtl_0|dffs[11] ; 12      ;
; lpm_counter:freq_rtl_0|dffs[12] ; 11      ;
; lpm_counter:freq_rtl_0|dffs[13] ; 10      ;
; lpm_counter:freq_rtl_0|dffs[14] ; 9       ;
; lpm_counter:freq_rtl_0|dffs[15] ; 8       ;
; lpm_counter:freq_rtl_0|dffs[16] ; 7       ;
; lpm_counter:freq_rtl_0|dffs[17] ; 6       ;
; lpm_counter:freq_rtl_0|dffs[23] ; 5       ;
; lpm_counter:freq_rtl_0|dffs[18] ; 5       ;
; state[0]                        ; 4       ;
; lpm_counter:freq_rtl_0|dffs[19] ; 4       ;
; state[1]                        ; 3       ;
; lpm_counter:freq_rtl_0|dffs[20] ; 3       ;
; lpm_counter:freq_rtl_0|dffs[21] ; 2       ;
; ~GND~0                          ; 1       ;
; A_phase~reg0                    ; 1       ;
; B_phase~reg0                    ; 1       ;
; D_phase~reg0                    ; 1       ;
; lpm_counter:freq_rtl_0|dffs[22] ; 1       ;
+---------------------------------+---------+


+------------------------------------------------+
; Interconnect Usage Summary                     ;
+----------------------------+-------------------+
; Interconnect Resource Type ; Usage             ;
+----------------------------+-------------------+
; Output enables             ; 0 / 6 ( 0 % )     ;
; PIA buffers                ; 33 / 144 ( 23 % ) ;
+----------------------------+-------------------+


+----------------------------------------------------------------------+
; LAB Macrocells                                                       ;
+----------------------------------------+-----------------------------+
; Number of Macrocells  (Average = 7.50) ; Number of LABs  (Total = 2) ;
+----------------------------------------+-----------------------------+
; 0                                      ; 2                           ;
; 1                                      ; 0                           ;
; 2                                      ; 0                           ;
; 3                                      ; 0                           ;
; 4                                      ; 0                           ;
; 5                                      ; 0                           ;
; 6                                      ; 0                           ;
; 7                                      ; 0                           ;
; 8                                      ; 0                           ;
; 9                                      ; 0                           ;
; 10                                     ; 0                           ;
; 11                                     ; 0                           ;
; 12                                     ; 0                           ;
; 13                                     ; 0                           ;
; 14                                     ; 1                           ;
; 15                                     ; 0                           ;
; 16                                     ; 1                           ;
+----------------------------------------+-----------------------------+


+------------------------------------------------------------------------------------------------------------------------------------------------------------------------------------------------------------------------------------------------------------------------------------------------------------------------------------------------------------------------------------------------------------------------------------------------------------------------------------------------------------------------------------------------------------------------------------------------------------------------------------------------------------------------------------------------------------------------------------------------------------------------------------------------------------------------------------------------------------------------------------------------------------------------------------------------------------------------------------------------------------------------------------------------------------------------------------------------------------------------------------------------------------------------------------------------------------------------------------------------------------------------------------------------------------------------------------------------------------------------------------------------------------------------------------------------------------------------------------------------------------------------------------------------------------------------------------+
; Logic Cell Interconnection                                                                                                                                                                                                                                                                                                                                                                                                                                                                                                                                                                                                                                                                                                                                                                                                                                                                                                                                                                                                                                                                                                                                                                                                                                                                                                                                                                                                                                                                                                                                                         ;
+-----+------------+----------------------------------------------------------------------------------------------------------------------------------------------------------------------------------------------------------------------------------------------------------------------------------------------------------------------------------------------------------------------------------------------------------------------------------------------------------------------------------------------------------------------------------------------------------------------------------------------------------------------------------------------------------------------------------------------------------------------------------------------------------------------------------+------------------------------------------------------------------------------------------------------------------------------------------------------------------------------------------------------------------------------------------------------------------------------------------------------------------------------------------------------------------------------------------------------------------------------------------------------------------------------------------------------------------------------------------------------------------------------------------------------------------------------------------------------------------------------------------------------------------------------------------------------------------------------+
; LAB ; Logic Cell ; Input                                                                                                                                                                                                                                                                                                                                                                                                                                                                                                                                                                                                                                                                                                                                                                            ; Output                                                                                                                                                                                                                                                                                                                                                                                                                                                                                                                                                                                                                                                                                                                                                                       ;
+-----+------------+----------------------------------------------------------------------------------------------------------------------------------------------------------------------------------------------------------------------------------------------------------------------------------------------------------------------------------------------------------------------------------------------------------------------------------------------------------------------------------------------------------------------------------------------------------------------------------------------------------------------------------------------------------------------------------------------------------------------------------------------------------------------------------+------------------------------------------------------------------------------------------------------------------------------------------------------------------------------------------------------------------------------------------------------------------------------------------------------------------------------------------------------------------------------------------------------------------------------------------------------------------------------------------------------------------------------------------------------------------------------------------------------------------------------------------------------------------------------------------------------------------------------------------------------------------------------+
;  A  ; LC12       ; clk                                                                                                                                                                                                                                                                                                                                                                                                                                                                                                                                                                                                                                                                                                                                                                              ; lpm_counter:freq_rtl_0|dffs[1], lpm_counter:freq_rtl_0|dffs[2], lpm_counter:freq_rtl_0|dffs[3], lpm_counter:freq_rtl_0|dffs[4], lpm_counter:freq_rtl_0|dffs[5], lpm_counter:freq_rtl_0|dffs[6], lpm_counter:freq_rtl_0|dffs[7], lpm_counter:freq_rtl_0|dffs[8], lpm_counter:freq_rtl_0|dffs[9], lpm_counter:freq_rtl_0|dffs[10], lpm_counter:freq_rtl_0|dffs[11], lpm_counter:freq_rtl_0|dffs[12], lpm_counter:freq_rtl_0|dffs[13], lpm_counter:freq_rtl_0|dffs[14], lpm_counter:freq_rtl_0|dffs[15], lpm_counter:freq_rtl_0|dffs[16], lpm_counter:freq_rtl_0|dffs[17], lpm_counter:freq_rtl_0|dffs[18], lpm_counter:freq_rtl_0|dffs[19], lpm_counter:freq_rtl_0|dffs[20], lpm_counter:freq_rtl_0|dffs[21], lpm_counter:freq_rtl_0|dffs[22], lpm_counter:freq_rtl_0|dffs[23] ;
;  A  ; LC1        ; clk, lpm_counter:freq_rtl_0|dffs[0]                                                                                                                                                                                                                                                                                                                                                                                                                                                                                                                                                                                                                                                                                                                                              ; lpm_counter:freq_rtl_0|dffs[2], lpm_counter:freq_rtl_0|dffs[3], lpm_counter:freq_rtl_0|dffs[4], lpm_counter:freq_rtl_0|dffs[5], lpm_counter:freq_rtl_0|dffs[6], lpm_counter:freq_rtl_0|dffs[7], lpm_counter:freq_rtl_0|dffs[8], lpm_counter:freq_rtl_0|dffs[9], lpm_counter:freq_rtl_0|dffs[10], lpm_counter:freq_rtl_0|dffs[11], lpm_counter:freq_rtl_0|dffs[12], lpm_counter:freq_rtl_0|dffs[13], lpm_counter:freq_rtl_0|dffs[14], lpm_counter:freq_rtl_0|dffs[15], lpm_counter:freq_rtl_0|dffs[16], lpm_counter:freq_rtl_0|dffs[17], lpm_counter:freq_rtl_0|dffs[18], lpm_counter:freq_rtl_0|dffs[19], lpm_counter:freq_rtl_0|dffs[20], lpm_counter:freq_rtl_0|dffs[21], lpm_counter:freq_rtl_0|dffs[22], lpm_counter:freq_rtl_0|dffs[23]                                 ;
;  A  ; LC2        ; clk, lpm_counter:freq_rtl_0|dffs[1], lpm_counter:freq_rtl_0|dffs[0]                                                                                                                                                                                                                                                                                                                                                                                                                                                                                                                                                                                                                                                                                                              ; lpm_counter:freq_rtl_0|dffs[3], lpm_counter:freq_rtl_0|dffs[4], lpm_counter:freq_rtl_0|dffs[5], lpm_counter:freq_rtl_0|dffs[6], lpm_counter:freq_rtl_0|dffs[7], lpm_counter:freq_rtl_0|dffs[8], lpm_counter:freq_rtl_0|dffs[9], lpm_counter:freq_rtl_0|dffs[10], lpm_counter:freq_rtl_0|dffs[11], lpm_counter:freq_rtl_0|dffs[12], lpm_counter:freq_rtl_0|dffs[13], lpm_counter:freq_rtl_0|dffs[14], lpm_counter:freq_rtl_0|dffs[15], lpm_counter:freq_rtl_0|dffs[16], lpm_counter:freq_rtl_0|dffs[17], lpm_counter:freq_rtl_0|dffs[18], lpm_counter:freq_rtl_0|dffs[19], lpm_counter:freq_rtl_0|dffs[20], lpm_counter:freq_rtl_0|dffs[21], lpm_counter:freq_rtl_0|dffs[22], lpm_counter:freq_rtl_0|dffs[23]                                                                 ;
;  A  ; LC6        ; clk, lpm_counter:freq_rtl_0|dffs[1], lpm_counter:freq_rtl_0|dffs[0], lpm_counter:freq_rtl_0|dffs[2]                                                                                                                                                                                                                                                                                                                                                                                                                                                                                                                                                                                                                                                                              ; lpm_counter:freq_rtl_0|dffs[4], lpm_counter:freq_rtl_0|dffs[5], lpm_counter:freq_rtl_0|dffs[6], lpm_counter:freq_rtl_0|dffs[7], lpm_counter:freq_rtl_0|dffs[8], lpm_counter:freq_rtl_0|dffs[9], lpm_counter:freq_rtl_0|dffs[10], lpm_counter:freq_rtl_0|dffs[11], lpm_counter:freq_rtl_0|dffs[12], lpm_counter:freq_rtl_0|dffs[13], lpm_counter:freq_rtl_0|dffs[14], lpm_counter:freq_rtl_0|dffs[15], lpm_counter:freq_rtl_0|dffs[16], lpm_counter:freq_rtl_0|dffs[17], lpm_counter:freq_rtl_0|dffs[18], lpm_counter:freq_rtl_0|dffs[19], lpm_counter:freq_rtl_0|dffs[20], lpm_counter:freq_rtl_0|dffs[21], lpm_counter:freq_rtl_0|dffs[22], lpm_counter:freq_rtl_0|dffs[23]                                                                                                 ;
;  A  ; LC7        ; clk, lpm_counter:freq_rtl_0|dffs[1], lpm_counter:freq_rtl_0|dffs[0], lpm_counter:freq_rtl_0|dffs[2], lpm_counter:freq_rtl_0|dffs[3]                                                                                                                                                                                                                                                                                                                                                                                                                                                                                                                                                                                                                                              ; lpm_counter:freq_rtl_0|dffs[5], lpm_counter:freq_rtl_0|dffs[6], lpm_counter:freq_rtl_0|dffs[7], lpm_counter:freq_rtl_0|dffs[8], lpm_counter:freq_rtl_0|dffs[9], lpm_counter:freq_rtl_0|dffs[10], lpm_counter:freq_rtl_0|dffs[11], lpm_counter:freq_rtl_0|dffs[12], lpm_counter:freq_rtl_0|dffs[13], lpm_counter:freq_rtl_0|dffs[14], lpm_counter:freq_rtl_0|dffs[15], lpm_counter:freq_rtl_0|dffs[16], lpm_counter:freq_rtl_0|dffs[17], lpm_counter:freq_rtl_0|dffs[18], lpm_counter:freq_rtl_0|dffs[19], lpm_counter:freq_rtl_0|dffs[20], lpm_counter:freq_rtl_0|dffs[21], lpm_counter:freq_rtl_0|dffs[22], lpm_counter:freq_rtl_0|dffs[23]                                                                                                                                 ;
;  A  ; LC8        ; clk, lpm_counter:freq_rtl_0|dffs[1], lpm_counter:freq_rtl_0|dffs[0], lpm_counter:freq_rtl_0|dffs[2], lpm_counter:freq_rtl_0|dffs[3], lpm_counter:freq_rtl_0|dffs[4]                                                                                                                                                                                                                                                                                                                                                                                                                                                                                                                                                                                                              ; lpm_counter:freq_rtl_0|dffs[6], lpm_counter:freq_rtl_0|dffs[7], lpm_counter:freq_rtl_0|dffs[8], lpm_counter:freq_rtl_0|dffs[9], lpm_counter:freq_rtl_0|dffs[10], lpm_counter:freq_rtl_0|dffs[11], lpm_counter:freq_rtl_0|dffs[12], lpm_counter:freq_rtl_0|dffs[13], lpm_counter:freq_rtl_0|dffs[14], lpm_counter:freq_rtl_0|dffs[15], lpm_counter:freq_rtl_0|dffs[16], lpm_counter:freq_rtl_0|dffs[17], lpm_counter:freq_rtl_0|dffs[18], lpm_counter:freq_rtl_0|dffs[19], lpm_counter:freq_rtl_0|dffs[20], lpm_counter:freq_rtl_0|dffs[21], lpm_counter:freq_rtl_0|dffs[22], lpm_counter:freq_rtl_0|dffs[23]                                                                                                                                                                 ;
;  A  ; LC9        ; clk, lpm_counter:freq_rtl_0|dffs[1], lpm_counter:freq_rtl_0|dffs[0], lpm_counter:freq_rtl_0|dffs[2], lpm_counter:freq_rtl_0|dffs[3], lpm_counter:freq_rtl_0|dffs[4], lpm_counter:freq_rtl_0|dffs[5]                                                                                                                                                                                                                                                                                                                                                                                                                                                                                                                                                                              ; lpm_counter:freq_rtl_0|dffs[7], lpm_counter:freq_rtl_0|dffs[8], lpm_counter:freq_rtl_0|dffs[9], lpm_counter:freq_rtl_0|dffs[10], lpm_counter:freq_rtl_0|dffs[11], lpm_counter:freq_rtl_0|dffs[12], lpm_counter:freq_rtl_0|dffs[13], lpm_counter:freq_rtl_0|dffs[14], lpm_counter:freq_rtl_0|dffs[15], lpm_counter:freq_rtl_0|dffs[16], lpm_counter:freq_rtl_0|dffs[17], lpm_counter:freq_rtl_0|dffs[18], lpm_counter:freq_rtl_0|dffs[19], lpm_counter:freq_rtl_0|dffs[20], lpm_counter:freq_rtl_0|dffs[21], lpm_counter:freq_rtl_0|dffs[22], lpm_counter:freq_rtl_0|dffs[23]                                                                                                                                                                                                 ;
;  A  ; LC14       ; clk, lpm_counter:freq_rtl_0|dffs[1], lpm_counter:freq_rtl_0|dffs[0], lpm_counter:freq_rtl_0|dffs[2], lpm_counter:freq_rtl_0|dffs[3], lpm_counter:freq_rtl_0|dffs[4], lpm_counter:freq_rtl_0|dffs[5], lpm_counter:freq_rtl_0|dffs[6]                                                                                                                                                                                                                                                                                                                                                                                                                                                                                                                                              ; lpm_counter:freq_rtl_0|dffs[8], lpm_counter:freq_rtl_0|dffs[9], lpm_counter:freq_rtl_0|dffs[10], lpm_counter:freq_rtl_0|dffs[11], lpm_counter:freq_rtl_0|dffs[12], lpm_counter:freq_rtl_0|dffs[13], lpm_counter:freq_rtl_0|dffs[14], lpm_counter:freq_rtl_0|dffs[15], lpm_counter:freq_rtl_0|dffs[16], lpm_counter:freq_rtl_0|dffs[17], lpm_counter:freq_rtl_0|dffs[18], lpm_counter:freq_rtl_0|dffs[19], lpm_counter:freq_rtl_0|dffs[20], lpm_counter:freq_rtl_0|dffs[21], lpm_counter:freq_rtl_0|dffs[22], lpm_counter:freq_rtl_0|dffs[23]                                                                                                                                                                                                                                 ;
;  A  ; LC10       ; lpm_counter:freq_rtl_0|dffs[23]                                                                                                                                                                                                                                                                                                                                                                                                                                                                                                                                                                                                                                                                                                                                                  ; state[1], D_phase~reg0, B_phase~reg0, A_phase~reg0                                                                                                                                                                                                                                                                                                                                                                                                                                                                                                                                                                                                                                                                                                                           ;
;  A  ; LC13       ; state[0], lpm_counter:freq_rtl_0|dffs[23]                                                                                                                                                                                                                                                                                                                                                                                                                                                                                                                                                                                                                                                                                                                                        ; D_phase~reg0, B_phase~reg0, A_phase~reg0                                                                                                                                                                                                                                                                                                                                                                                                                                                                                                                                                                                                                                                                                                                                     ;
;  A  ; LC3        ; state[1], state[0], lpm_counter:freq_rtl_0|dffs[23]                                                                                                                                                                                                                                                                                                                                                                                                                                                                                                                                                                                                                                                                                                                              ; D_phase                                                                                                                                                                                                                                                                                                                                                                                                                                                                                                                                                                                                                                                                                                                                                                      ;
;  A  ; LC5        ; state[1], state[0], lpm_counter:freq_rtl_0|dffs[23]                                                                                                                                                                                                                                                                                                                                                                                                                                                                                                                                                                                                                                                                                                                              ; B_phase                                                                                                                                                                                                                                                                                                                                                                                                                                                                                                                                                                                                                                                                                                                                                                      ;
;  A  ; LC11       ; state[1], state[0], lpm_counter:freq_rtl_0|dffs[23]                                                                                                                                                                                                                                                                                                                                                                                                                                                                                                                                                                                                                                                                                                                              ; A_phase                                                                                                                                                                                                                                                                                                                                                                                                                                                                                                                                                                                                                                                                                                                                                                      ;
;  A  ; LC4        ;                                                                                                                                                                                                                                                                                                                                                                                                                                                                                                                                                                                                                                                                                                                                                                                  ; C_phase                                                                                                                                                                                                                                                                                                                                                                                                                                                                                                                                                                                                                                                                                                                                                                      ;
;  B  ; LC24       ; clk, lpm_counter:freq_rtl_0|dffs[1], lpm_counter:freq_rtl_0|dffs[0], lpm_counter:freq_rtl_0|dffs[2], lpm_counter:freq_rtl_0|dffs[3], lpm_counter:freq_rtl_0|dffs[4], lpm_counter:freq_rtl_0|dffs[5], lpm_counter:freq_rtl_0|dffs[6], lpm_counter:freq_rtl_0|dffs[7]                                                                                                                                                                                                                                                                                                                                                                                                                                                                                                              ; lpm_counter:freq_rtl_0|dffs[9], lpm_counter:freq_rtl_0|dffs[10], lpm_counter:freq_rtl_0|dffs[11], lpm_counter:freq_rtl_0|dffs[12], lpm_counter:freq_rtl_0|dffs[13], lpm_counter:freq_rtl_0|dffs[14], lpm_counter:freq_rtl_0|dffs[15], lpm_counter:freq_rtl_0|dffs[16], lpm_counter:freq_rtl_0|dffs[17], lpm_counter:freq_rtl_0|dffs[18], lpm_counter:freq_rtl_0|dffs[19], lpm_counter:freq_rtl_0|dffs[20], lpm_counter:freq_rtl_0|dffs[21], lpm_counter:freq_rtl_0|dffs[22], lpm_counter:freq_rtl_0|dffs[23]                                                                                                                                                                                                                                                                 ;
;  B  ; LC32       ; clk, lpm_counter:freq_rtl_0|dffs[1], lpm_counter:freq_rtl_0|dffs[0], lpm_counter:freq_rtl_0|dffs[2], lpm_counter:freq_rtl_0|dffs[3], lpm_counter:freq_rtl_0|dffs[4], lpm_counter:freq_rtl_0|dffs[5], lpm_counter:freq_rtl_0|dffs[6], lpm_counter:freq_rtl_0|dffs[7], lpm_counter:freq_rtl_0|dffs[8]                                                                                                                                                                                                                                                                                                                                                                                                                                                                              ; lpm_counter:freq_rtl_0|dffs[10], lpm_counter:freq_rtl_0|dffs[11], lpm_counter:freq_rtl_0|dffs[12], lpm_counter:freq_rtl_0|dffs[13], lpm_counter:freq_rtl_0|dffs[14], lpm_counter:freq_rtl_0|dffs[15], lpm_counter:freq_rtl_0|dffs[16], lpm_counter:freq_rtl_0|dffs[17], lpm_counter:freq_rtl_0|dffs[18], lpm_counter:freq_rtl_0|dffs[19], lpm_counter:freq_rtl_0|dffs[20], lpm_counter:freq_rtl_0|dffs[21], lpm_counter:freq_rtl_0|dffs[22], lpm_counter:freq_rtl_0|dffs[23]                                                                                                                                                                                                                                                                                                 ;
;  B  ; LC31       ; clk, lpm_counter:freq_rtl_0|dffs[1], lpm_counter:freq_rtl_0|dffs[0], lpm_counter:freq_rtl_0|dffs[2], lpm_counter:freq_rtl_0|dffs[3], lpm_counter:freq_rtl_0|dffs[4], lpm_counter:freq_rtl_0|dffs[5], lpm_counter:freq_rtl_0|dffs[6], lpm_counter:freq_rtl_0|dffs[7], lpm_counter:freq_rtl_0|dffs[8], lpm_counter:freq_rtl_0|dffs[9]                                                                                                                                                                                                                                                                                                                                                                                                                                              ; lpm_counter:freq_rtl_0|dffs[11], lpm_counter:freq_rtl_0|dffs[12], lpm_counter:freq_rtl_0|dffs[13], lpm_counter:freq_rtl_0|dffs[14], lpm_counter:freq_rtl_0|dffs[15], lpm_counter:freq_rtl_0|dffs[16], lpm_counter:freq_rtl_0|dffs[17], lpm_counter:freq_rtl_0|dffs[18], lpm_counter:freq_rtl_0|dffs[19], lpm_counter:freq_rtl_0|dffs[20], lpm_counter:freq_rtl_0|dffs[21], lpm_counter:freq_rtl_0|dffs[22], lpm_counter:freq_rtl_0|dffs[23]                                                                                                                                                                                                                                                                                                                                  ;
;  B  ; LC30       ; clk, lpm_counter:freq_rtl_0|dffs[1], lpm_counter:freq_rtl_0|dffs[0], lpm_counter:freq_rtl_0|dffs[2], lpm_counter:freq_rtl_0|dffs[3], lpm_counter:freq_rtl_0|dffs[4], lpm_counter:freq_rtl_0|dffs[5], lpm_counter:freq_rtl_0|dffs[6], lpm_counter:freq_rtl_0|dffs[7], lpm_counter:freq_rtl_0|dffs[8], lpm_counter:freq_rtl_0|dffs[9], lpm_counter:freq_rtl_0|dffs[10]                                                                                                                                                                                                                                                                                                                                                                                                             ; lpm_counter:freq_rtl_0|dffs[12], lpm_counter:freq_rtl_0|dffs[13], lpm_counter:freq_rtl_0|dffs[14], lpm_counter:freq_rtl_0|dffs[15], lpm_counter:freq_rtl_0|dffs[16], lpm_counter:freq_rtl_0|dffs[17], lpm_counter:freq_rtl_0|dffs[18], lpm_counter:freq_rtl_0|dffs[19], lpm_counter:freq_rtl_0|dffs[20], lpm_counter:freq_rtl_0|dffs[21], lpm_counter:freq_rtl_0|dffs[22], lpm_counter:freq_rtl_0|dffs[23]                                                                                                                                                                                                                                                                                                                                                                   ;
;  B  ; LC23       ; clk, lpm_counter:freq_rtl_0|dffs[1], lpm_counter:freq_rtl_0|dffs[0], lpm_counter:freq_rtl_0|dffs[2], lpm_counter:freq_rtl_0|dffs[3], lpm_counter:freq_rtl_0|dffs[4], lpm_counter:freq_rtl_0|dffs[5], lpm_counter:freq_rtl_0|dffs[6], lpm_counter:freq_rtl_0|dffs[7], lpm_counter:freq_rtl_0|dffs[8], lpm_counter:freq_rtl_0|dffs[9], lpm_counter:freq_rtl_0|dffs[10], lpm_counter:freq_rtl_0|dffs[11]                                                                                                                                                                                                                                                                                                                                                                            ; lpm_counter:freq_rtl_0|dffs[13], lpm_counter:freq_rtl_0|dffs[14], lpm_counter:freq_rtl_0|dffs[15], lpm_counter:freq_rtl_0|dffs[16], lpm_counter:freq_rtl_0|dffs[17], lpm_counter:freq_rtl_0|dffs[18], lpm_counter:freq_rtl_0|dffs[19], lpm_counter:freq_rtl_0|dffs[20], lpm_counter:freq_rtl_0|dffs[21], lpm_counter:freq_rtl_0|dffs[22], lpm_counter:freq_rtl_0|dffs[23]                                                                                                                                                                                                                                                                                                                                                                                                    ;
;  B  ; LC22       ; clk, lpm_counter:freq_rtl_0|dffs[1], lpm_counter:freq_rtl_0|dffs[0], lpm_counter:freq_rtl_0|dffs[2], lpm_counter:freq_rtl_0|dffs[3], lpm_counter:freq_rtl_0|dffs[4], lpm_counter:freq_rtl_0|dffs[5], lpm_counter:freq_rtl_0|dffs[6], lpm_counter:freq_rtl_0|dffs[7], lpm_counter:freq_rtl_0|dffs[8], lpm_counter:freq_rtl_0|dffs[9], lpm_counter:freq_rtl_0|dffs[10], lpm_counter:freq_rtl_0|dffs[11], lpm_counter:freq_rtl_0|dffs[12]                                                                                                                                                                                                                                                                                                                                           ; lpm_counter:freq_rtl_0|dffs[14], lpm_counter:freq_rtl_0|dffs[15], lpm_counter:freq_rtl_0|dffs[16], lpm_counter:freq_rtl_0|dffs[17], lpm_counter:freq_rtl_0|dffs[18], lpm_counter:freq_rtl_0|dffs[19], lpm_counter:freq_rtl_0|dffs[20], lpm_counter:freq_rtl_0|dffs[21], lpm_counter:freq_rtl_0|dffs[22], lpm_counter:freq_rtl_0|dffs[23]                                                                                                                                                                                                                                                                                                                                                                                                                                     ;
;  B  ; LC21       ; clk, lpm_counter:freq_rtl_0|dffs[1], lpm_counter:freq_rtl_0|dffs[0], lpm_counter:freq_rtl_0|dffs[2], lpm_counter:freq_rtl_0|dffs[3], lpm_counter:freq_rtl_0|dffs[4], lpm_counter:freq_rtl_0|dffs[5], lpm_counter:freq_rtl_0|dffs[6], lpm_counter:freq_rtl_0|dffs[7], lpm_counter:freq_rtl_0|dffs[8], lpm_counter:freq_rtl_0|dffs[9], lpm_counter:freq_rtl_0|dffs[10], lpm_counter:freq_rtl_0|dffs[11], lpm_counter:freq_rtl_0|dffs[12], lpm_counter:freq_rtl_0|dffs[13]                                                                                                                                                                                                                                                                                                          ; lpm_counter:freq_rtl_0|dffs[15], lpm_counter:freq_rtl_0|dffs[16], lpm_counter:freq_rtl_0|dffs[17], lpm_counter:freq_rtl_0|dffs[18], lpm_counter:freq_rtl_0|dffs[19], lpm_counter:freq_rtl_0|dffs[20], lpm_counter:freq_rtl_0|dffs[21], lpm_counter:freq_rtl_0|dffs[22], lpm_counter:freq_rtl_0|dffs[23]                                                                                                                                                                                                                                                                                                                                                                                                                                                                      ;
;  B  ; LC20       ; clk, lpm_counter:freq_rtl_0|dffs[1], lpm_counter:freq_rtl_0|dffs[0], lpm_counter:freq_rtl_0|dffs[2], lpm_counter:freq_rtl_0|dffs[3], lpm_counter:freq_rtl_0|dffs[4], lpm_counter:freq_rtl_0|dffs[5], lpm_counter:freq_rtl_0|dffs[6], lpm_counter:freq_rtl_0|dffs[7], lpm_counter:freq_rtl_0|dffs[8], lpm_counter:freq_rtl_0|dffs[9], lpm_counter:freq_rtl_0|dffs[10], lpm_counter:freq_rtl_0|dffs[11], lpm_counter:freq_rtl_0|dffs[12], lpm_counter:freq_rtl_0|dffs[13], lpm_counter:freq_rtl_0|dffs[14]                                                                                                                                                                                                                                                                         ; lpm_counter:freq_rtl_0|dffs[16], lpm_counter:freq_rtl_0|dffs[17], lpm_counter:freq_rtl_0|dffs[18], lpm_counter:freq_rtl_0|dffs[19], lpm_counter:freq_rtl_0|dffs[20], lpm_counter:freq_rtl_0|dffs[21], lpm_counter:freq_rtl_0|dffs[22], lpm_counter:freq_rtl_0|dffs[23]                                                                                                                                                                                                                                                                                                                                                                                                                                                                                                       ;
;  B  ; LC19       ; clk, lpm_counter:freq_rtl_0|dffs[1], lpm_counter:freq_rtl_0|dffs[0], lpm_counter:freq_rtl_0|dffs[2], lpm_counter:freq_rtl_0|dffs[3], lpm_counter:freq_rtl_0|dffs[4], lpm_counter:freq_rtl_0|dffs[5], lpm_counter:freq_rtl_0|dffs[6], lpm_counter:freq_rtl_0|dffs[7], lpm_counter:freq_rtl_0|dffs[8], lpm_counter:freq_rtl_0|dffs[9], lpm_counter:freq_rtl_0|dffs[10], lpm_counter:freq_rtl_0|dffs[11], lpm_counter:freq_rtl_0|dffs[12], lpm_counter:freq_rtl_0|dffs[13], lpm_counter:freq_rtl_0|dffs[14], lpm_counter:freq_rtl_0|dffs[15]                                                                                                                                                                                                                                        ; lpm_counter:freq_rtl_0|dffs[17], lpm_counter:freq_rtl_0|dffs[18], lpm_counter:freq_rtl_0|dffs[19], lpm_counter:freq_rtl_0|dffs[20], lpm_counter:freq_rtl_0|dffs[21], lpm_counter:freq_rtl_0|dffs[22], lpm_counter:freq_rtl_0|dffs[23]                                                                                                                                                                                                                                                                                                                                                                                                                                                                                                                                        ;
;  B  ; LC17       ; clk, lpm_counter:freq_rtl_0|dffs[1], lpm_counter:freq_rtl_0|dffs[0], lpm_counter:freq_rtl_0|dffs[2], lpm_counter:freq_rtl_0|dffs[3], lpm_counter:freq_rtl_0|dffs[4], lpm_counter:freq_rtl_0|dffs[5], lpm_counter:freq_rtl_0|dffs[6], lpm_counter:freq_rtl_0|dffs[7], lpm_counter:freq_rtl_0|dffs[8], lpm_counter:freq_rtl_0|dffs[9], lpm_counter:freq_rtl_0|dffs[10], lpm_counter:freq_rtl_0|dffs[11], lpm_counter:freq_rtl_0|dffs[12], lpm_counter:freq_rtl_0|dffs[13], lpm_counter:freq_rtl_0|dffs[14], lpm_counter:freq_rtl_0|dffs[15], lpm_counter:freq_rtl_0|dffs[16]                                                                                                                                                                                                       ; lpm_counter:freq_rtl_0|dffs[18], lpm_counter:freq_rtl_0|dffs[19], lpm_counter:freq_rtl_0|dffs[20], lpm_counter:freq_rtl_0|dffs[21], lpm_counter:freq_rtl_0|dffs[22], lpm_counter:freq_rtl_0|dffs[23]                                                                                                                                                                                                                                                                                                                                                                                                                                                                                                                                                                         ;
;  B  ; LC29       ; clk, lpm_counter:freq_rtl_0|dffs[1], lpm_counter:freq_rtl_0|dffs[0], lpm_counter:freq_rtl_0|dffs[2], lpm_counter:freq_rtl_0|dffs[3], lpm_counter:freq_rtl_0|dffs[4], lpm_counter:freq_rtl_0|dffs[5], lpm_counter:freq_rtl_0|dffs[6], lpm_counter:freq_rtl_0|dffs[7], lpm_counter:freq_rtl_0|dffs[8], lpm_counter:freq_rtl_0|dffs[9], lpm_counter:freq_rtl_0|dffs[10], lpm_counter:freq_rtl_0|dffs[11], lpm_counter:freq_rtl_0|dffs[12], lpm_counter:freq_rtl_0|dffs[13], lpm_counter:freq_rtl_0|dffs[14], lpm_counter:freq_rtl_0|dffs[15], lpm_counter:freq_rtl_0|dffs[16], lpm_counter:freq_rtl_0|dffs[17]                                                                                                                                                                      ; lpm_counter:freq_rtl_0|dffs[19], lpm_counter:freq_rtl_0|dffs[20], lpm_counter:freq_rtl_0|dffs[21], lpm_counter:freq_rtl_0|dffs[22], lpm_counter:freq_rtl_0|dffs[23]                                                                                                                                                                                                                                                                                                                                                                                                                                                                                                                                                                                                          ;
;  B  ; LC27       ; clk, lpm_counter:freq_rtl_0|dffs[1], lpm_counter:freq_rtl_0|dffs[0], lpm_counter:freq_rtl_0|dffs[2], lpm_counter:freq_rtl_0|dffs[3], lpm_counter:freq_rtl_0|dffs[4], lpm_counter:freq_rtl_0|dffs[5], lpm_counter:freq_rtl_0|dffs[6], lpm_counter:freq_rtl_0|dffs[7], lpm_counter:freq_rtl_0|dffs[8], lpm_counter:freq_rtl_0|dffs[9], lpm_counter:freq_rtl_0|dffs[10], lpm_counter:freq_rtl_0|dffs[11], lpm_counter:freq_rtl_0|dffs[12], lpm_counter:freq_rtl_0|dffs[13], lpm_counter:freq_rtl_0|dffs[14], lpm_counter:freq_rtl_0|dffs[15], lpm_counter:freq_rtl_0|dffs[16], lpm_counter:freq_rtl_0|dffs[17], lpm_counter:freq_rtl_0|dffs[18]                                                                                                                                     ; lpm_counter:freq_rtl_0|dffs[20], lpm_counter:freq_rtl_0|dffs[21], lpm_counter:freq_rtl_0|dffs[22], lpm_counter:freq_rtl_0|dffs[23]                                                                                                                                                                                                                                                                                                                                                                                                                                                                                                                                                                                                                                           ;
;  B  ; LC18       ; clk, lpm_counter:freq_rtl_0|dffs[1], lpm_counter:freq_rtl_0|dffs[0], lpm_counter:freq_rtl_0|dffs[2], lpm_counter:freq_rtl_0|dffs[3], lpm_counter:freq_rtl_0|dffs[4], lpm_counter:freq_rtl_0|dffs[5], lpm_counter:freq_rtl_0|dffs[6], lpm_counter:freq_rtl_0|dffs[7], lpm_counter:freq_rtl_0|dffs[8], lpm_counter:freq_rtl_0|dffs[9], lpm_counter:freq_rtl_0|dffs[10], lpm_counter:freq_rtl_0|dffs[11], lpm_counter:freq_rtl_0|dffs[12], lpm_counter:freq_rtl_0|dffs[13], lpm_counter:freq_rtl_0|dffs[14], lpm_counter:freq_rtl_0|dffs[15], lpm_counter:freq_rtl_0|dffs[16], lpm_counter:freq_rtl_0|dffs[17], lpm_counter:freq_rtl_0|dffs[18], lpm_counter:freq_rtl_0|dffs[19]                                                                                                    ; lpm_counter:freq_rtl_0|dffs[21], lpm_counter:freq_rtl_0|dffs[22], lpm_counter:freq_rtl_0|dffs[23]                                                                                                                                                                                                                                                                                                                                                                                                                                                                                                                                                                                                                                                                            ;
;  B  ; LC25       ; clk, lpm_counter:freq_rtl_0|dffs[1], lpm_counter:freq_rtl_0|dffs[0], lpm_counter:freq_rtl_0|dffs[2], lpm_counter:freq_rtl_0|dffs[3], lpm_counter:freq_rtl_0|dffs[4], lpm_counter:freq_rtl_0|dffs[5], lpm_counter:freq_rtl_0|dffs[6], lpm_counter:freq_rtl_0|dffs[7], lpm_counter:freq_rtl_0|dffs[8], lpm_counter:freq_rtl_0|dffs[9], lpm_counter:freq_rtl_0|dffs[10], lpm_counter:freq_rtl_0|dffs[11], lpm_counter:freq_rtl_0|dffs[12], lpm_counter:freq_rtl_0|dffs[13], lpm_counter:freq_rtl_0|dffs[14], lpm_counter:freq_rtl_0|dffs[15], lpm_counter:freq_rtl_0|dffs[16], lpm_counter:freq_rtl_0|dffs[17], lpm_counter:freq_rtl_0|dffs[18], lpm_counter:freq_rtl_0|dffs[19], lpm_counter:freq_rtl_0|dffs[20]                                                                   ; lpm_counter:freq_rtl_0|dffs[22], lpm_counter:freq_rtl_0|dffs[23]                                                                                                                                                                                                                                                                                                                                                                                                                                                                                                                                                                                                                                                                                                             ;
;  B  ; LC26       ; clk, lpm_counter:freq_rtl_0|dffs[1], lpm_counter:freq_rtl_0|dffs[0], lpm_counter:freq_rtl_0|dffs[2], lpm_counter:freq_rtl_0|dffs[3], lpm_counter:freq_rtl_0|dffs[4], lpm_counter:freq_rtl_0|dffs[5], lpm_counter:freq_rtl_0|dffs[6], lpm_counter:freq_rtl_0|dffs[7], lpm_counter:freq_rtl_0|dffs[8], lpm_counter:freq_rtl_0|dffs[9], lpm_counter:freq_rtl_0|dffs[10], lpm_counter:freq_rtl_0|dffs[11], lpm_counter:freq_rtl_0|dffs[12], lpm_counter:freq_rtl_0|dffs[13], lpm_counter:freq_rtl_0|dffs[14], lpm_counter:freq_rtl_0|dffs[15], lpm_counter:freq_rtl_0|dffs[16], lpm_counter:freq_rtl_0|dffs[17], lpm_counter:freq_rtl_0|dffs[18], lpm_counter:freq_rtl_0|dffs[19], lpm_counter:freq_rtl_0|dffs[20], lpm_counter:freq_rtl_0|dffs[21]                                  ; lpm_counter:freq_rtl_0|dffs[23]                                                                                                                                                                                                                                                                                                                                                                                                                                                                                                                                                                                                                                                                                                                                              ;
;  B  ; LC28       ; clk, lpm_counter:freq_rtl_0|dffs[1], lpm_counter:freq_rtl_0|dffs[0], lpm_counter:freq_rtl_0|dffs[2], lpm_counter:freq_rtl_0|dffs[3], lpm_counter:freq_rtl_0|dffs[4], lpm_counter:freq_rtl_0|dffs[5], lpm_counter:freq_rtl_0|dffs[6], lpm_counter:freq_rtl_0|dffs[7], lpm_counter:freq_rtl_0|dffs[8], lpm_counter:freq_rtl_0|dffs[9], lpm_counter:freq_rtl_0|dffs[10], lpm_counter:freq_rtl_0|dffs[11], lpm_counter:freq_rtl_0|dffs[12], lpm_counter:freq_rtl_0|dffs[13], lpm_counter:freq_rtl_0|dffs[14], lpm_counter:freq_rtl_0|dffs[15], lpm_counter:freq_rtl_0|dffs[16], lpm_counter:freq_rtl_0|dffs[17], lpm_counter:freq_rtl_0|dffs[18], lpm_counter:freq_rtl_0|dffs[19], lpm_counter:freq_rtl_0|dffs[20], lpm_counter:freq_rtl_0|dffs[21], lpm_counter:freq_rtl_0|dffs[22] ; state[0], state[1], D_phase~reg0, B_phase~reg0, A_phase~reg0                                                                                                                                                                                                                                                                                                                                                                                                                                                                                                                                                                                                                                                                                                                 ;
+-----+------------+----------------------------------------------------------------------------------------------------------------------------------------------------------------------------------------------------------------------------------------------------------------------------------------------------------------------------------------------------------------------------------------------------------------------------------------------------------------------------------------------------------------------------------------------------------------------------------------------------------------------------------------------------------------------------------------------------------------------------------------------------------------------------------+------------------------------------------------------------------------------------------------------------------------------------------------------------------------------------------------------------------------------------------------------------------------------------------------------------------------------------------------------------------------------------------------------------------------------------------------------------------------------------------------------------------------------------------------------------------------------------------------------------------------------------------------------------------------------------------------------------------------------------------------------------------------------+


+---------------------------------------------------------------+
; Fitter Device Options                                         ;
+----------------------------------------------+----------------+
; Option                                       ; Setting        ;
+----------------------------------------------+----------------+
; Enable user-supplied start-up clock (CLKUSR) ; Off            ;
; Enable device-wide reset (DEV_CLRn)          ; Off            ;
; Enable device-wide output enable (DEV_OE)    ; Off            ;
; Enable INIT_DONE output                      ; Off            ;
; Configuration scheme                         ; Passive Serial ;
; Security bit                                 ; Off            ;
; Base pin-out file on sameframe device        ; Off            ;
+----------------------------------------------+----------------+


+-----------------+
; Fitter Messages ;
+-----------------+
Info: *******************************************************************
Info: Running Quartus II Fitter
    Info: Version 9.1 Build 304 01/25/2010 Service Pack 1 SJ Web Edition
    Info: Processing started: Mon Feb 26 19:16:35 2024
Info: Command: quartus_fit --read_settings_files=off --write_settings_files=off stepMotor -c stepMotor
Info: Selected device EPM3064ALC44-10 for design "stepMotor"
Info: Quartus II Fitter was successful. 0 errors, 0 warnings
    Info: Peak virtual memory: 229 megabytes
    Info: Processing ended: Mon Feb 26 19:16:35 2024
    Info: Elapsed time: 00:00:00
    Info: Total CPU time (on all processors): 00:00:00


